{"/Users/caichao/Code/projects/gatsby-starter-lumen/jest/__fixtures__/all-markdown-remark.js": {"path":"/Users/caichao/Code/projects/gatsby-starter-lumen/jest/__fixtures__/all-markdown-remark.js","statementMap":{"0":{"start":{"line":3,"column":0},"end":{"line":46,"column":2}}},"fnMap":{},"branchMap":{},"s":{"0":5},"f":{},"b":{},"_coverageSchema":"1a1c01bbd47fc00a2c39e90264f33305004495a9","hash":"1021e85ce576f9ad91ea1f2a568b67bf7025119b"}
,"/Users/caichao/Code/projects/gatsby-starter-lumen/jest/__fixtures__/markdown-remark.js": {"path":"/Users/caichao/Code/projects/gatsby-starter-lumen/jest/__fixtures__/markdown-remark.js","statementMap":{"0":{"start":{"line":3,"column":0},"end":{"line":23,"column":2}}},"fnMap":{},"branchMap":{},"s":{"0":2},"f":{},"b":{},"_coverageSchema":"1a1c01bbd47fc00a2c39e90264f33305004495a9","hash":"714d4fbb22f45e24add70ad243d3ad24a0da4430"}
,"/Users/caichao/Code/projects/gatsby-starter-lumen/jest/__fixtures__/page-context.js": {"path":"/Users/caichao/Code/projects/gatsby-starter-lumen/jest/__fixtures__/page-context.js","statementMap":{"0":{"start":{"line":3,"column":0},"end":{"line":13,"column":2}}},"fnMap":{},"branchMap":{},"s":{"0":3},"f":{},"b":{},"_coverageSchema":"1a1c01bbd47fc00a2c39e90264f33305004495a9","hash":"cb7b8fe18f62821a03a61cef31fc8146b68d343f"}
,"/Users/caichao/Code/projects/gatsby-starter-lumen/jest/__fixtures__/site-metadata.js": {"path":"/Users/caichao/Code/projects/gatsby-starter-lumen/jest/__fixtures__/site-metadata.js","statementMap":{"0":{"start":{"line":3,"column":0},"end":{"line":41,"column":2}}},"fnMap":{},"branchMap":{},"s":{"0":13},"f":{},"b":{},"_coverageSchema":"1a1c01bbd47fc00a2c39e90264f33305004495a9","hash":"1b11c24d29824d3c0e8945f61b7a9e0cde0a242b"}
,"/Users/caichao/Code/projects/gatsby-starter-lumen/src/components/Feed/Feed.js": {"path":"/Users/caichao/Code/projects/gatsby-starter-lumen/src/components/Feed/Feed.js","statementMap":{"0":{"start":{"line":12,"column":13},"end":{"line":33,"column":1}},"1":{"start":{"line":13,"column":2},"end":{"line":32,"column":8}},"2":{"start":{"line":15,"column":6},"end":{"line":30,"column":12}}},"fnMap":{"0":{"name":"(anonymous_0)","decl":{"start":{"line":12,"column":13},"end":{"line":12,"column":14}},"loc":{"start":{"line":13,"column":2},"end":{"line":32,"column":8}},"line":13},"1":{"name":"(anonymous_1)","decl":{"start":{"line":14,"column":15},"end":{"line":14,"column":16}},"loc":{"start":{"line":15,"column":6},"end":{"line":30,"column":12}},"line":15}},"branchMap":{},"s":{"0":4,"1":4,"2":8},"f":{"0":4,"1":8},"b":{},"_coverageSchema":"1a1c01bbd47fc00a2c39e90264f33305004495a9","hash":"78ea3e301f3687cf33aacdc90dffd06f2dab885d"}
,"/Users/caichao/Code/projects/gatsby-starter-lumen/src/components/Feed/index.js": {"path":"/Users/caichao/Code/projects/gatsby-starter-lumen/src/components/Feed/index.js","statementMap":{},"fnMap":{},"branchMap":{},"s":{},"f":{},"b":{},"_coverageSchema":"1a1c01bbd47fc00a2c39e90264f33305004495a9","hash":"73670b640b3c390231cbe25c29df385deafcb812"}
,"/Users/caichao/Code/projects/gatsby-starter-lumen/src/components/Icon/Icon.js": {"path":"/Users/caichao/Code/projects/gatsby-starter-lumen/src/components/Icon/Icon.js","statementMap":{"0":{"start":{"line":13,"column":13},"end":{"line":18,"column":1}},"1":{"start":{"line":14,"column":2},"end":{"line":17,"column":8}}},"fnMap":{"0":{"name":"(anonymous_0)","decl":{"start":{"line":13,"column":13},"end":{"line":13,"column":14}},"loc":{"start":{"line":14,"column":2},"end":{"line":17,"column":8}},"line":14}},"branchMap":{},"s":{"0":10,"1":55},"f":{"0":55},"b":{},"_coverageSchema":"1a1c01bbd47fc00a2c39e90264f33305004495a9","hash":"d7589d39dbb29d191831b52e97fcc02e6a97a68e"}
,"/Users/caichao/Code/projects/gatsby-starter-lumen/src/components/Icon/index.js": {"path":"/Users/caichao/Code/projects/gatsby-starter-lumen/src/components/Icon/index.js","statementMap":{},"fnMap":{},"branchMap":{},"s":{},"f":{},"b":{},"_coverageSchema":"1a1c01bbd47fc00a2c39e90264f33305004495a9","hash":"598ec9de2319a2f7c925ba606c7bfe1b1e1b4597"}
,"/Users/caichao/Code/projects/gatsby-starter-lumen/src/components/Layout/Layout.js": {"path":"/Users/caichao/Code/projects/gatsby-starter-lumen/src/components/Layout/Layout.js","statementMap":{"0":{"start":{"line":16,"column":15},"end":{"line":42,"column":1}},"1":{"start":{"line":22,"column":26},"end":{"line":22,"column":43}},"2":{"start":{"line":23,"column":20},"end":{"line":23,"column":68}},"3":{"start":{"line":24,"column":23},"end":{"line":24,"column":50}},"4":{"start":{"line":26,"column":2},"end":{"line":41,"column":4}}},"fnMap":{"0":{"name":"(anonymous_0)","decl":{"start":{"line":16,"column":15},"end":{"line":16,"column":16}},"loc":{"start":{"line":21,"column":13},"end":{"line":42,"column":1}},"line":21}},"branchMap":{"0":{"loc":{"start":{"line":23,"column":20},"end":{"line":23,"column":68}},"type":"cond-expr","locations":[{"start":{"line":23,"column":42},"end":{"line":23,"column":53}},{"start":{"line":23,"column":56},"end":{"line":23,"column":68}}],"line":23}},"s":{"0":9,"1":9,"2":9,"3":9,"4":9},"f":{"0":9},"b":{"0":[0,9]},"_coverageSchema":"1a1c01bbd47fc00a2c39e90264f33305004495a9","hash":"11a957cd7b559a1300c64056d4a25c2f8d01eb55"}
,"/Users/caichao/Code/projects/gatsby-starter-lumen/src/components/Layout/index.js": {"path":"/Users/caichao/Code/projects/gatsby-starter-lumen/src/components/Layout/index.js","statementMap":{},"fnMap":{},"branchMap":{},"s":{},"f":{},"b":{},"_coverageSchema":"1a1c01bbd47fc00a2c39e90264f33305004495a9","hash":"ee826250ec2fc649472ec7e2c575a64bc6cf250b"}
,"/Users/caichao/Code/projects/gatsby-starter-lumen/src/components/Page/Page.js": {"path":"/Users/caichao/Code/projects/gatsby-starter-lumen/src/components/Page/Page.js","statementMap":{"0":{"start":{"line":9,"column":13},"end":{"line":26,"column":1}},"1":{"start":{"line":10,"column":18},"end":{"line":10,"column":26}},"2":{"start":{"line":12,"column":2},"end":{"line":14,"column":5}},"3":{"start":{"line":13,"column":4},"end":{"line":13,"column":37}},"4":{"start":{"line":16,"column":2},"end":{"line":25,"column":4}}},"fnMap":{"0":{"name":"(anonymous_0)","decl":{"start":{"line":9,"column":13},"end":{"line":9,"column":14}},"loc":{"start":{"line":9,"column":45},"end":{"line":26,"column":1}},"line":9},"1":{"name":"(anonymous_1)","decl":{"start":{"line":12,"column":12},"end":{"line":12,"column":13}},"loc":{"start":{"line":12,"column":18},"end":{"line":14,"column":3}},"line":12}},"branchMap":{"0":{"loc":{"start":{"line":19,"column":10},"end":{"line":19,"column":69}},"type":"binary-expr","locations":[{"start":{"line":19,"column":10},"end":{"line":19,"column":15}},{"start":{"line":19,"column":19},"end":{"line":19,"column":69}}],"line":19}},"s":{"0":8,"1":8,"2":8,"3":0,"4":8},"f":{"0":8,"1":0},"b":{"0":[8,7]},"_coverageSchema":"1a1c01bbd47fc00a2c39e90264f33305004495a9","hash":"f479831f7173492943ff7ad841e4448d09bb1b61"}
,"/Users/caichao/Code/projects/gatsby-starter-lumen/src/components/Page/index.js": {"path":"/Users/caichao/Code/projects/gatsby-starter-lumen/src/components/Page/index.js","statementMap":{},"fnMap":{},"branchMap":{},"s":{},"f":{},"b":{},"_coverageSchema":"1a1c01bbd47fc00a2c39e90264f33305004495a9","hash":"62487e380b9b3bed7d8b21669cd25357fec36f12"}
,"/Users/caichao/Code/projects/gatsby-starter-lumen/src/components/Pagination/Pagination.js": {"path":"/Users/caichao/Code/projects/gatsby-starter-lumen/src/components/Pagination/Pagination.js","statementMap":{"0":{"start":{"line":15,"column":11},"end":{"line":15,"column":34}},"1":{"start":{"line":17,"column":19},"end":{"line":43,"column":1}},"2":{"start":{"line":23,"column":24},"end":{"line":26,"column":4}},"3":{"start":{"line":28,"column":24},"end":{"line":31,"column":4}},"4":{"start":{"line":33,"column":2},"end":{"line":42,"column":4}}},"fnMap":{"0":{"name":"(anonymous_0)","decl":{"start":{"line":17,"column":19},"end":{"line":17,"column":20}},"loc":{"start":{"line":22,"column":13},"end":{"line":43,"column":1}},"line":22}},"branchMap":{"0":{"loc":{"start":{"line":36,"column":29},"end":{"line":36,"column":61}},"type":"cond-expr","locations":[{"start":{"line":36,"column":43},"end":{"line":36,"column":55}},{"start":{"line":36,"column":58},"end":{"line":36,"column":61}}],"line":36},"1":{"loc":{"start":{"line":39,"column":29},"end":{"line":39,"column":61}},"type":"cond-expr","locations":[{"start":{"line":39,"column":43},"end":{"line":39,"column":55}},{"start":{"line":39,"column":58},"end":{"line":39,"column":61}}],"line":39}},"s":{"0":4,"1":4,"2":4,"3":4,"4":4},"f":{"0":4},"b":{"0":[4,0],"1":[4,0]},"_coverageSchema":"1a1c01bbd47fc00a2c39e90264f33305004495a9","hash":"48cc8d1e5c8df14fa440a8531d6176c6175732ae"}
,"/Users/caichao/Code/projects/gatsby-starter-lumen/src/components/Pagination/index.js": {"path":"/Users/caichao/Code/projects/gatsby-starter-lumen/src/components/Pagination/index.js","statementMap":{},"fnMap":{},"branchMap":{},"s":{},"f":{},"b":{},"_coverageSchema":"1a1c01bbd47fc00a2c39e90264f33305004495a9","hash":"edecc9bdd8da8540d4267f57a14c5302f678879b"}
,"/Users/caichao/Code/projects/gatsby-starter-lumen/src/components/Post/Post.js": {"path":"/Users/caichao/Code/projects/gatsby-starter-lumen/src/components/Post/Post.js","statementMap":{"0":{"start":{"line":16,"column":13},"end":{"line":40,"column":1}},"1":{"start":{"line":17,"column":19},"end":{"line":17,"column":23}},"2":{"start":{"line":18,"column":29},"end":{"line":18,"column":40}},"3":{"start":{"line":19,"column":32},"end":{"line":19,"column":48}},"4":{"start":{"line":21,"column":2},"end":{"line":39,"column":4}}},"fnMap":{"0":{"name":"(anonymous_0)","decl":{"start":{"line":16,"column":13},"end":{"line":16,"column":14}},"loc":{"start":{"line":16,"column":34},"end":{"line":40,"column":1}},"line":16}},"branchMap":{"0":{"loc":{"start":{"line":31,"column":9},"end":{"line":31,"column":69}},"type":"binary-expr","locations":[{"start":{"line":31,"column":9},"end":{"line":31,"column":13}},{"start":{"line":31,"column":17},"end":{"line":31,"column":25}},{"start":{"line":31,"column":29},"end":{"line":31,"column":69}}],"line":31}},"s":{"0":2,"1":2,"2":2,"3":2,"4":2},"f":{"0":2},"b":{"0":[2,2,2]},"_coverageSchema":"1a1c01bbd47fc00a2c39e90264f33305004495a9","hash":"c84a87eec96b59bd006411ceb2de5f359f869626"}
,"/Users/caichao/Code/projects/gatsby-starter-lumen/src/components/Post/index.js": {"path":"/Users/caichao/Code/projects/gatsby-starter-lumen/src/components/Post/index.js","statementMap":{},"fnMap":{},"branchMap":{},"s":{},"f":{},"b":{},"_coverageSchema":"1a1c01bbd47fc00a2c39e90264f33305004495a9","hash":"df0cfffc2e1421e683b7c40133cd6fece20f2f02"}
,"/Users/caichao/Code/projects/gatsby-starter-lumen/src/components/Post/Author/Author.js": {"path":"/Users/caichao/Code/projects/gatsby-starter-lumen/src/components/Post/Author/Author.js","statementMap":{"0":{"start":{"line":7,"column":15},"end":{"line":25,"column":1}},"1":{"start":{"line":8,"column":21},"end":{"line":8,"column":38}},"2":{"start":{"line":10,"column":2},"end":{"line":24,"column":4}}},"fnMap":{"0":{"name":"(anonymous_0)","decl":{"start":{"line":7,"column":15},"end":{"line":7,"column":16}},"loc":{"start":{"line":7,"column":21},"end":{"line":25,"column":1}},"line":7}},"branchMap":{},"s":{"0":3,"1":3,"2":3},"f":{"0":3},"b":{},"_coverageSchema":"1a1c01bbd47fc00a2c39e90264f33305004495a9","hash":"09c373f9fe0b99e5c1faa1a981ffcce7dd27ea2d"}
,"/Users/caichao/Code/projects/gatsby-starter-lumen/src/components/Post/Author/index.js": {"path":"/Users/caichao/Code/projects/gatsby-starter-lumen/src/components/Post/Author/index.js","statementMap":{},"fnMap":{},"branchMap":{},"s":{},"f":{},"b":{},"_coverageSchema":"1a1c01bbd47fc00a2c39e90264f33305004495a9","hash":"8accd23498b39d0b5543423b668ff636a0df3de8"}
,"/Users/caichao/Code/projects/gatsby-starter-lumen/src/components/Post/Comments/Comments.js": {"path":"/Users/caichao/Code/projects/gatsby-starter-lumen/src/components/Post/Comments/Comments.js","statementMap":{"0":{"start":{"line":11,"column":17},"end":{"line":26,"column":1}},"1":{"start":{"line":12,"column":35},"end":{"line":12,"column":52}},"2":{"start":{"line":14,"column":2},"end":{"line":16,"column":3}},"3":{"start":{"line":15,"column":4},"end":{"line":15,"column":16}},"4":{"start":{"line":18,"column":2},"end":{"line":25,"column":4}}},"fnMap":{"0":{"name":"(anonymous_0)","decl":{"start":{"line":11,"column":17},"end":{"line":11,"column":18}},"loc":{"start":{"line":11,"column":53},"end":{"line":26,"column":1}},"line":11}},"branchMap":{"0":{"loc":{"start":{"line":14,"column":2},"end":{"line":16,"column":3}},"type":"if","locations":[{"start":{"line":14,"column":2},"end":{"line":16,"column":3}},{"start":{"line":14,"column":2},"end":{"line":16,"column":3}}],"line":14}},"s":{"0":3,"1":3,"2":3,"3":3,"4":0},"f":{"0":3},"b":{"0":[3,0]},"_coverageSchema":"1a1c01bbd47fc00a2c39e90264f33305004495a9","hash":"e4e8e6dc55ed428588fdbc82ca127820e7f5312a"}
,"/Users/caichao/Code/projects/gatsby-starter-lumen/src/components/Post/Comments/index.js": {"path":"/Users/caichao/Code/projects/gatsby-starter-lumen/src/components/Post/Comments/index.js","statementMap":{},"fnMap":{},"branchMap":{},"s":{},"f":{},"b":{},"_coverageSchema":"1a1c01bbd47fc00a2c39e90264f33305004495a9","hash":"8e44064fbc7c70d58dfc6485d971af31e6ccf54f"}
,"/Users/caichao/Code/projects/gatsby-starter-lumen/src/components/Post/Content/Content.js": {"path":"/Users/caichao/Code/projects/gatsby-starter-lumen/src/components/Post/Content/Content.js","statementMap":{"0":{"start":{"line":10,"column":16},"end":{"line":15,"column":1}},"1":{"start":{"line":11,"column":2},"end":{"line":14,"column":8}}},"fnMap":{"0":{"name":"(anonymous_0)","decl":{"start":{"line":10,"column":16},"end":{"line":10,"column":17}},"loc":{"start":{"line":11,"column":2},"end":{"line":14,"column":8}},"line":11}},"branchMap":{},"s":{"0":3,"1":3},"f":{"0":3},"b":{},"_coverageSchema":"1a1c01bbd47fc00a2c39e90264f33305004495a9","hash":"0f6cd3ed72d4e2d9d1c5af3f56695cdcd6cfb7a8"}
,"/Users/caichao/Code/projects/gatsby-starter-lumen/src/components/Post/Content/index.js": {"path":"/Users/caichao/Code/projects/gatsby-starter-lumen/src/components/Post/Content/index.js","statementMap":{},"fnMap":{},"branchMap":{},"s":{},"f":{},"b":{},"_coverageSchema":"1a1c01bbd47fc00a2c39e90264f33305004495a9","hash":"099ac567f40f6a5d4689433183be90a88088438b"}
,"/Users/caichao/Code/projects/gatsby-starter-lumen/src/components/Post/Meta/Meta.js": {"path":"/Users/caichao/Code/projects/gatsby-starter-lumen/src/components/Post/Meta/Meta.js","statementMap":{"0":{"start":{"line":10,"column":13},"end":{"line":14,"column":1}},"1":{"start":{"line":11,"column":2},"end":{"line":13,"column":8}}},"fnMap":{"0":{"name":"(anonymous_0)","decl":{"start":{"line":10,"column":13},"end":{"line":10,"column":14}},"loc":{"start":{"line":11,"column":2},"end":{"line":13,"column":8}},"line":11}},"branchMap":{},"s":{"0":3,"1":3},"f":{"0":3},"b":{},"_coverageSchema":"1a1c01bbd47fc00a2c39e90264f33305004495a9","hash":"5ed83a24ad0eecc765086ac52d7ce6a043ddfbcf"}
,"/Users/caichao/Code/projects/gatsby-starter-lumen/src/components/Post/Meta/index.js": {"path":"/Users/caichao/Code/projects/gatsby-starter-lumen/src/components/Post/Meta/index.js","statementMap":{},"fnMap":{},"branchMap":{},"s":{},"f":{},"b":{},"_coverageSchema":"1a1c01bbd47fc00a2c39e90264f33305004495a9","hash":"96000cfc6a881b11efd85104b5cecf2aa429cb9c"}
,"/Users/caichao/Code/projects/gatsby-starter-lumen/src/components/Post/Tags/Tags.js": {"path":"/Users/caichao/Code/projects/gatsby-starter-lumen/src/components/Post/Tags/Tags.js","statementMap":{"0":{"start":{"line":11,"column":13},"end":{"line":23,"column":1}},"1":{"start":{"line":12,"column":2},"end":{"line":22,"column":8}},"2":{"start":{"line":15,"column":8},"end":{"line":19,"column":13}}},"fnMap":{"0":{"name":"(anonymous_0)","decl":{"start":{"line":11,"column":13},"end":{"line":11,"column":14}},"loc":{"start":{"line":12,"column":2},"end":{"line":22,"column":8}},"line":12},"1":{"name":"(anonymous_1)","decl":{"start":{"line":14,"column":32},"end":{"line":14,"column":33}},"loc":{"start":{"line":15,"column":8},"end":{"line":19,"column":13}},"line":15}},"branchMap":{"0":{"loc":{"start":{"line":14,"column":7},"end":{"line":20,"column":8}},"type":"binary-expr","locations":[{"start":{"line":14,"column":7},"end":{"line":14,"column":15}},{"start":{"line":14,"column":19},"end":{"line":20,"column":8}}],"line":14}},"s":{"0":3,"1":3,"2":6},"f":{"0":3,"1":6},"b":{"0":[3,3]},"_coverageSchema":"1a1c01bbd47fc00a2c39e90264f33305004495a9","hash":"a18af5f7fb6442e212d95c0af93fa30bffe1eeef"}
,"/Users/caichao/Code/projects/gatsby-starter-lumen/src/components/Post/Tags/index.js": {"path":"/Users/caichao/Code/projects/gatsby-starter-lumen/src/components/Post/Tags/index.js","statementMap":{},"fnMap":{},"branchMap":{},"s":{},"f":{},"b":{},"_coverageSchema":"1a1c01bbd47fc00a2c39e90264f33305004495a9","hash":"4e1e06fc960843c7944029ded262c3d0be5bd58b"}
,"/Users/caichao/Code/projects/gatsby-starter-lumen/src/components/Sidebar/Sidebar.js": {"path":"/Users/caichao/Code/projects/gatsby-starter-lumen/src/components/Sidebar/Sidebar.js","statementMap":{"0":{"start":{"line":14,"column":16},"end":{"line":27,"column":1}},"1":{"start":{"line":15,"column":38},"end":{"line":15,"column":55}},"2":{"start":{"line":17,"column":2},"end":{"line":26,"column":4}}},"fnMap":{"0":{"name":"(anonymous_0)","decl":{"start":{"line":14,"column":16},"end":{"line":14,"column":17}},"loc":{"start":{"line":14,"column":40},"end":{"line":27,"column":1}},"line":14}},"branchMap":{},"s":{"0":8,"1":8,"2":8},"f":{"0":8},"b":{},"_coverageSchema":"1a1c01bbd47fc00a2c39e90264f33305004495a9","hash":"9a1d8710bb0589f2bc82f301e8d30cd344f86361"}
,"/Users/caichao/Code/projects/gatsby-starter-lumen/src/components/Sidebar/index.js": {"path":"/Users/caichao/Code/projects/gatsby-starter-lumen/src/components/Sidebar/index.js","statementMap":{},"fnMap":{},"branchMap":{},"s":{},"f":{},"b":{},"_coverageSchema":"1a1c01bbd47fc00a2c39e90264f33305004495a9","hash":"f6e0fc63ede44c9d0b14a8112082dd0449d247fd"}
,"/Users/caichao/Code/projects/gatsby-starter-lumen/src/components/Sidebar/Author/Author.js": {"path":"/Users/caichao/Code/projects/gatsby-starter-lumen/src/components/Sidebar/Author/Author.js","statementMap":{"0":{"start":{"line":15,"column":15},"end":{"line":38,"column":1}},"1":{"start":{"line":16,"column":2},"end":{"line":37,"column":8}}},"fnMap":{"0":{"name":"(anonymous_0)","decl":{"start":{"line":15,"column":15},"end":{"line":15,"column":16}},"loc":{"start":{"line":16,"column":2},"end":{"line":37,"column":8}},"line":16}},"branchMap":{"0":{"loc":{"start":{"line":27,"column":6},"end":{"line":35,"column":5}},"type":"cond-expr","locations":[{"start":{"line":28,"column":6},"end":{"line":30,"column":11}},{"start":{"line":32,"column":6},"end":{"line":34,"column":11}}],"line":27}},"s":{"0":9,"1":9},"f":{"0":9},"b":{"0":[2,7]},"_coverageSchema":"1a1c01bbd47fc00a2c39e90264f33305004495a9","hash":"8ad5b29d83a2d9e16f9ce155dc38c81378d6265e"}
,"/Users/caichao/Code/projects/gatsby-starter-lumen/src/components/Sidebar/Author/index.js": {"path":"/Users/caichao/Code/projects/gatsby-starter-lumen/src/components/Sidebar/Author/index.js","statementMap":{},"fnMap":{},"branchMap":{},"s":{},"f":{},"b":{},"_coverageSchema":"1a1c01bbd47fc00a2c39e90264f33305004495a9","hash":"f9f630ba4b6ca537dea1ad40dfec2e86f5a7112d"}
,"/Users/caichao/Code/projects/gatsby-starter-lumen/src/components/Sidebar/Contacts/Contacts.js": {"path":"/Users/caichao/Code/projects/gatsby-starter-lumen/src/components/Sidebar/Contacts/Contacts.js","statementMap":{"0":{"start":{"line":13,"column":17},"end":{"line":30,"column":1}},"1":{"start":{"line":14,"column":2},"end":{"line":29,"column":8}},"2":{"start":{"line":16,"column":44},"end":{"line":27,"column":7}}},"fnMap":{"0":{"name":"(anonymous_0)","decl":{"start":{"line":13,"column":17},"end":{"line":13,"column":18}},"loc":{"start":{"line":14,"column":2},"end":{"line":29,"column":8}},"line":14},"1":{"name":"(anonymous_1)","decl":{"start":{"line":16,"column":33},"end":{"line":16,"column":34}},"loc":{"start":{"line":16,"column":44},"end":{"line":27,"column":7}},"line":16}},"branchMap":{"0":{"loc":{"start":{"line":16,"column":44},"end":{"line":27,"column":7}},"type":"cond-expr","locations":[{"start":{"line":16,"column":62},"end":{"line":16,"column":66}},{"start":{"line":17,"column":8},"end":{"line":26,"column":13}}],"line":16}},"s":{"0":9,"1":9,"2":54},"f":{"0":9,"1":54},"b":{"0":[0,54]},"_coverageSchema":"1a1c01bbd47fc00a2c39e90264f33305004495a9","hash":"7f303629786d955ca00612a36d7be76bdcba64c8"}
,"/Users/caichao/Code/projects/gatsby-starter-lumen/src/components/Sidebar/Contacts/index.js": {"path":"/Users/caichao/Code/projects/gatsby-starter-lumen/src/components/Sidebar/Contacts/index.js","statementMap":{},"fnMap":{},"branchMap":{},"s":{},"f":{},"b":{},"_coverageSchema":"1a1c01bbd47fc00a2c39e90264f33305004495a9","hash":"fb998910635153ba2324974c8f714d61478c891b"}
,"/Users/caichao/Code/projects/gatsby-starter-lumen/src/components/Sidebar/Copyright/Copyright.js": {"path":"/Users/caichao/Code/projects/gatsby-starter-lumen/src/components/Sidebar/Copyright/Copyright.js","statementMap":{"0":{"start":{"line":9,"column":18},"end":{"line":13,"column":1}},"1":{"start":{"line":10,"column":2},"end":{"line":12,"column":8}}},"fnMap":{"0":{"name":"(anonymous_0)","decl":{"start":{"line":9,"column":18},"end":{"line":9,"column":19}},"loc":{"start":{"line":10,"column":2},"end":{"line":12,"column":8}},"line":10}},"branchMap":{},"s":{"0":9,"1":9},"f":{"0":9},"b":{},"_coverageSchema":"1a1c01bbd47fc00a2c39e90264f33305004495a9","hash":"29052e70ce448cba7858c99f014aba4e958e67fa"}
,"/Users/caichao/Code/projects/gatsby-starter-lumen/src/components/Sidebar/Copyright/index.js": {"path":"/Users/caichao/Code/projects/gatsby-starter-lumen/src/components/Sidebar/Copyright/index.js","statementMap":{},"fnMap":{},"branchMap":{},"s":{},"f":{},"b":{},"_coverageSchema":"1a1c01bbd47fc00a2c39e90264f33305004495a9","hash":"ba2b9f0e8a8bea1fbf72716a0d471855805f64be"}
,"/Users/caichao/Code/projects/gatsby-starter-lumen/src/components/Sidebar/Menu/Menu.js": {"path":"/Users/caichao/Code/projects/gatsby-starter-lumen/src/components/Sidebar/Menu/Menu.js","statementMap":{"0":{"start":{"line":13,"column":13},"end":{"line":29,"column":1}},"1":{"start":{"line":14,"column":2},"end":{"line":28,"column":8}},"2":{"start":{"line":17,"column":8},"end":{"line":25,"column":13}}},"fnMap":{"0":{"name":"(anonymous_0)","decl":{"start":{"line":13,"column":13},"end":{"line":13,"column":14}},"loc":{"start":{"line":14,"column":2},"end":{"line":28,"column":8}},"line":14},"1":{"name":"(anonymous_1)","decl":{"start":{"line":16,"column":16},"end":{"line":16,"column":17}},"loc":{"start":{"line":17,"column":8},"end":{"line":25,"column":13}},"line":17}},"branchMap":{},"s":{"0":9,"1":9,"2":26},"f":{"0":9,"1":26},"b":{},"_coverageSchema":"1a1c01bbd47fc00a2c39e90264f33305004495a9","hash":"a5c6d50971c9311b67f5c4b17a63271846c70f27"}
,"/Users/caichao/Code/projects/gatsby-starter-lumen/src/components/Sidebar/Menu/index.js": {"path":"/Users/caichao/Code/projects/gatsby-starter-lumen/src/components/Sidebar/Menu/index.js","statementMap":{},"fnMap":{},"branchMap":{},"s":{},"f":{},"b":{},"_coverageSchema":"1a1c01bbd47fc00a2c39e90264f33305004495a9","hash":"14e67718c345d32a3114f750501d2451f0227f35"}
,"/Users/caichao/Code/projects/gatsby-starter-lumen/src/constants/icons.js": {"path":"/Users/caichao/Code/projects/gatsby-starter-lumen/src/constants/icons.js","statementMap":{"0":{"start":{"line":2,"column":14},"end":{"line":63,"column":1}}},"fnMap":{},"branchMap":{},"s":{"0":14},"f":{},"b":{},"_coverageSchema":"1a1c01bbd47fc00a2c39e90264f33305004495a9","hash":"c9d50c78d5a6a57a7e43f188a01c9f9e004c603b"}
,"/Users/caichao/Code/projects/gatsby-starter-lumen/src/constants/index.js": {"path":"/Users/caichao/Code/projects/gatsby-starter-lumen/src/constants/index.js","statementMap":{},"fnMap":{},"branchMap":{},"s":{},"f":{},"b":{},"_coverageSchema":"1a1c01bbd47fc00a2c39e90264f33305004495a9","hash":"17dc1c56968ba69aaf48bde1c84e24e7eee861f3"}
,"/Users/caichao/Code/projects/gatsby-starter-lumen/src/constants/pagination.js": {"path":"/Users/caichao/Code/projects/gatsby-starter-lumen/src/constants/pagination.js","statementMap":{"0":{"start":{"line":2,"column":19},"end":{"line":5,"column":1}}},"fnMap":{},"branchMap":{},"s":{"0":14},"f":{},"b":{},"_coverageSchema":"1a1c01bbd47fc00a2c39e90264f33305004495a9","hash":"8cedea6e4716d6cbb23a52a3fc3358ac01c35eb6"}
,"/Users/caichao/Code/projects/gatsby-starter-lumen/src/hooks/index.js": {"path":"/Users/caichao/Code/projects/gatsby-starter-lumen/src/hooks/index.js","statementMap":{},"fnMap":{},"branchMap":{},"s":{},"f":{},"b":{},"_coverageSchema":"1a1c01bbd47fc00a2c39e90264f33305004495a9","hash":"f2b3c9923f3ec1cc99b1edb2b26a476b86ec2d1d"}
,"/Users/caichao/Code/projects/gatsby-starter-lumen/src/hooks/use-categories-list.js": {"path":"/Users/caichao/Code/projects/gatsby-starter-lumen/src/hooks/use-categories-list.js","statementMap":{"0":{"start":{"line":4,"column":26},"end":{"line":21,"column":1}},"1":{"start":{"line":5,"column":32},"end":{"line":18,"column":3}},"2":{"start":{"line":20,"column":2},"end":{"line":20,"column":33}}},"fnMap":{"0":{"name":"(anonymous_0)","decl":{"start":{"line":4,"column":26},"end":{"line":4,"column":27}},"loc":{"start":{"line":4,"column":32},"end":{"line":21,"column":1}},"line":4}},"branchMap":{},"s":{"0":13,"1":1,"2":1},"f":{"0":1},"b":{},"_coverageSchema":"1a1c01bbd47fc00a2c39e90264f33305004495a9","hash":"17f9557cef7ff92e0c032bd6bcb53e5b2bb1b170"}
,"/Users/caichao/Code/projects/gatsby-starter-lumen/src/hooks/use-site-metadata.js": {"path":"/Users/caichao/Code/projects/gatsby-starter-lumen/src/hooks/use-site-metadata.js","statementMap":{"0":{"start":{"line":4,"column":24},"end":{"line":48,"column":1}},"1":{"start":{"line":5,"column":19},"end":{"line":45,"column":3}},"2":{"start":{"line":47,"column":2},"end":{"line":47,"column":27}}},"fnMap":{"0":{"name":"(anonymous_0)","decl":{"start":{"line":4,"column":24},"end":{"line":4,"column":25}},"loc":{"start":{"line":4,"column":30},"end":{"line":48,"column":1}},"line":4}},"branchMap":{},"s":{"0":13,"1":31,"2":31},"f":{"0":31},"b":{},"_coverageSchema":"1a1c01bbd47fc00a2c39e90264f33305004495a9","hash":"5e6933958f3245478e98ae3eca9c85b848cfa757"}
,"/Users/caichao/Code/projects/gatsby-starter-lumen/src/hooks/use-tags-list.js": {"path":"/Users/caichao/Code/projects/gatsby-starter-lumen/src/hooks/use-tags-list.js","statementMap":{"0":{"start":{"line":4,"column":20},"end":{"line":21,"column":1}},"1":{"start":{"line":5,"column":32},"end":{"line":18,"column":3}},"2":{"start":{"line":20,"column":2},"end":{"line":20,"column":33}}},"fnMap":{"0":{"name":"(anonymous_0)","decl":{"start":{"line":4,"column":20},"end":{"line":4,"column":21}},"loc":{"start":{"line":4,"column":26},"end":{"line":21,"column":1}},"line":4}},"branchMap":{},"s":{"0":13,"1":1,"2":1},"f":{"0":1},"b":{},"_coverageSchema":"1a1c01bbd47fc00a2c39e90264f33305004495a9","hash":"b4f991be522a22ffe37fdfaa8b70fabf5f3c2ecc"}
,"/Users/caichao/Code/projects/gatsby-starter-lumen/src/templates/categories-list-template.js": {"path":"/Users/caichao/Code/projects/gatsby-starter-lumen/src/templates/categories-list-template.js","statementMap":{"0":{"start":{"line":10,"column":31},"end":{"line":30,"column":1}},"1":{"start":{"line":11,"column":30},"end":{"line":11,"column":47}},"2":{"start":{"line":12,"column":21},"end":{"line":12,"column":40}},"3":{"start":{"line":14,"column":2},"end":{"line":29,"column":4}},"4":{"start":{"line":20,"column":12},"end":{"line":24,"column":17}}},"fnMap":{"0":{"name":"(anonymous_0)","decl":{"start":{"line":10,"column":31},"end":{"line":10,"column":32}},"loc":{"start":{"line":10,"column":37},"end":{"line":30,"column":1}},"line":10},"1":{"name":"(anonymous_1)","decl":{"start":{"line":19,"column":26},"end":{"line":19,"column":27}},"loc":{"start":{"line":20,"column":12},"end":{"line":24,"column":17}},"line":20}},"branchMap":{},"s":{"0":1,"1":1,"2":1,"3":1,"4":2},"f":{"0":1,"1":2},"b":{},"_coverageSchema":"1a1c01bbd47fc00a2c39e90264f33305004495a9","hash":"638befee9e2fb047ab7ffa69d015fa6cb40b68c4"}
,"/Users/caichao/Code/projects/gatsby-starter-lumen/src/templates/category-template.js": {"path":"/Users/caichao/Code/projects/gatsby-starter-lumen/src/templates/category-template.js","statementMap":{"0":{"start":{"line":17,"column":25},"end":{"line":46,"column":1}},"1":{"start":{"line":18,"column":55},"end":{"line":18,"column":72}},"2":{"start":{"line":27,"column":6},"end":{"line":27,"column":17}},"3":{"start":{"line":29,"column":20},"end":{"line":29,"column":42}},"4":{"start":{"line":30,"column":20},"end":{"line":30,"column":119}},"5":{"start":{"line":32,"column":2},"end":{"line":45,"column":4}},"6":{"start":{"line":48,"column":21},"end":{"line":72,"column":1}}},"fnMap":{"0":{"name":"(anonymous_0)","decl":{"start":{"line":17,"column":25},"end":{"line":17,"column":26}},"loc":{"start":{"line":17,"column":59},"end":{"line":46,"column":1}},"line":17}},"branchMap":{"0":{"loc":{"start":{"line":30,"column":20},"end":{"line":30,"column":119}},"type":"cond-expr","locations":[{"start":{"line":30,"column":38},"end":{"line":30,"column":88}},{"start":{"line":30,"column":91},"end":{"line":30,"column":119}}],"line":30}},"s":{"0":1,"1":1,"2":1,"3":1,"4":1,"5":1,"6":1},"f":{"0":1},"b":{"0":[1,0]},"_coverageSchema":"1a1c01bbd47fc00a2c39e90264f33305004495a9","hash":"d041f3c9e6c3bd55fa62a6a82b40422e93c302d8"}
,"/Users/caichao/Code/projects/gatsby-starter-lumen/src/templates/index-template.js": {"path":"/Users/caichao/Code/projects/gatsby-starter-lumen/src/templates/index-template.js","statementMap":{"0":{"start":{"line":17,"column":22},"end":{"line":46,"column":1}},"1":{"start":{"line":18,"column":55},"end":{"line":18,"column":72}},"2":{"start":{"line":26,"column":6},"end":{"line":26,"column":17}},"3":{"start":{"line":29,"column":20},"end":{"line":29,"column":42}},"4":{"start":{"line":30,"column":20},"end":{"line":30,"column":94}},"5":{"start":{"line":32,"column":2},"end":{"line":45,"column":4}},"6":{"start":{"line":48,"column":21},"end":{"line":72,"column":1}}},"fnMap":{"0":{"name":"(anonymous_0)","decl":{"start":{"line":17,"column":22},"end":{"line":17,"column":23}},"loc":{"start":{"line":17,"column":56},"end":{"line":46,"column":1}},"line":17}},"branchMap":{"0":{"loc":{"start":{"line":30,"column":20},"end":{"line":30,"column":94}},"type":"cond-expr","locations":[{"start":{"line":30,"column":38},"end":{"line":30,"column":82}},{"start":{"line":30,"column":85},"end":{"line":30,"column":94}}],"line":30}},"s":{"0":1,"1":1,"2":1,"3":1,"4":1,"5":1,"6":1},"f":{"0":1},"b":{"0":[1,0]},"_coverageSchema":"1a1c01bbd47fc00a2c39e90264f33305004495a9","hash":"83ef09417d57a18c64baa522857018abe08711bb"}
,"/Users/caichao/Code/projects/gatsby-starter-lumen/src/templates/not-found-template.js": {"path":"/Users/caichao/Code/projects/gatsby-starter-lumen/src/templates/not-found-template.js","statementMap":{"0":{"start":{"line":8,"column":25},"end":{"line":19,"column":1}},"1":{"start":{"line":9,"column":30},"end":{"line":9,"column":47}},"2":{"start":{"line":11,"column":2},"end":{"line":18,"column":4}}},"fnMap":{"0":{"name":"(anonymous_0)","decl":{"start":{"line":8,"column":25},"end":{"line":8,"column":26}},"loc":{"start":{"line":8,"column":31},"end":{"line":19,"column":1}},"line":8}},"branchMap":{},"s":{"0":1,"1":1,"2":1},"f":{"0":1},"b":{},"_coverageSchema":"1a1c01bbd47fc00a2c39e90264f33305004495a9","hash":"9973f84581850c57a1d1c848669914d2656aea17"}
,"/Users/caichao/Code/projects/gatsby-starter-lumen/src/templates/page-template.js": {"path":"/Users/caichao/Code/projects/gatsby-starter-lumen/src/templates/page-template.js","statementMap":{"0":{"start":{"line":16,"column":21},"end":{"line":31,"column":1}},"1":{"start":{"line":17,"column":55},"end":{"line":17,"column":72}},"2":{"start":{"line":18,"column":29},"end":{"line":18,"column":48}},"3":{"start":{"line":19,"column":26},"end":{"line":19,"column":45}},"4":{"start":{"line":20,"column":74},"end":{"line":20,"column":85}},"5":{"start":{"line":21,"column":26},"end":{"line":21,"column":83}},"6":{"start":{"line":23,"column":2},"end":{"line":30,"column":4}},"7":{"start":{"line":33,"column":21},"end":{"line":46,"column":1}}},"fnMap":{"0":{"name":"(anonymous_0)","decl":{"start":{"line":16,"column":21},"end":{"line":16,"column":22}},"loc":{"start":{"line":16,"column":42},"end":{"line":31,"column":1}},"line":16}},"branchMap":{"0":{"loc":{"start":{"line":21,"column":26},"end":{"line":21,"column":83}},"type":"cond-expr","locations":[{"start":{"line":21,"column":53},"end":{"line":21,"column":68}},{"start":{"line":21,"column":71},"end":{"line":21,"column":83}}],"line":21}},"s":{"0":1,"1":1,"2":1,"3":1,"4":1,"5":1,"6":1,"7":1},"f":{"0":1},"b":{"0":[1,0]},"_coverageSchema":"1a1c01bbd47fc00a2c39e90264f33305004495a9","hash":"bebd2cc3e56ce5365cf81e3b299a2954b6ce0b47"}
,"/Users/caichao/Code/projects/gatsby-starter-lumen/src/templates/post-template.js": {"path":"/Users/caichao/Code/projects/gatsby-starter-lumen/src/templates/post-template.js","statementMap":{"0":{"start":{"line":15,"column":21},"end":{"line":26,"column":1}},"1":{"start":{"line":16,"column":55},"end":{"line":16,"column":72}},"2":{"start":{"line":17,"column":26},"end":{"line":17,"column":45}},"3":{"start":{"line":18,"column":74},"end":{"line":18,"column":85}},"4":{"start":{"line":19,"column":26},"end":{"line":19,"column":83}},"5":{"start":{"line":21,"column":2},"end":{"line":25,"column":4}},"6":{"start":{"line":28,"column":21},"end":{"line":46,"column":1}}},"fnMap":{"0":{"name":"(anonymous_0)","decl":{"start":{"line":15,"column":21},"end":{"line":15,"column":22}},"loc":{"start":{"line":15,"column":42},"end":{"line":26,"column":1}},"line":15}},"branchMap":{"0":{"loc":{"start":{"line":19,"column":26},"end":{"line":19,"column":83}},"type":"cond-expr","locations":[{"start":{"line":19,"column":53},"end":{"line":19,"column":68}},{"start":{"line":19,"column":71},"end":{"line":19,"column":83}}],"line":19}},"s":{"0":1,"1":1,"2":1,"3":1,"4":1,"5":1,"6":1},"f":{"0":1},"b":{"0":[1,0]},"_coverageSchema":"1a1c01bbd47fc00a2c39e90264f33305004495a9","hash":"7166b92a7b50cdf0e7c88681de28fc06eebf97f6"}
,"/Users/caichao/Code/projects/gatsby-starter-lumen/src/templates/tag-template.js": {"path":"/Users/caichao/Code/projects/gatsby-starter-lumen/src/templates/tag-template.js","statementMap":{"0":{"start":{"line":17,"column":20},"end":{"line":46,"column":1}},"1":{"start":{"line":18,"column":55},"end":{"line":18,"column":72}},"2":{"start":{"line":27,"column":6},"end":{"line":27,"column":17}},"3":{"start":{"line":29,"column":20},"end":{"line":29,"column":42}},"4":{"start":{"line":30,"column":20},"end":{"line":30,"column":153}},"5":{"start":{"line":32,"column":2},"end":{"line":45,"column":4}},"6":{"start":{"line":48,"column":21},"end":{"line":78,"column":1}}},"fnMap":{"0":{"name":"(anonymous_0)","decl":{"start":{"line":17,"column":20},"end":{"line":17,"column":21}},"loc":{"start":{"line":17,"column":54},"end":{"line":46,"column":1}},"line":17}},"branchMap":{"0":{"loc":{"start":{"line":30,"column":20},"end":{"line":30,"column":153}},"type":"cond-expr","locations":[{"start":{"line":30,"column":38},"end":{"line":30,"column":105}},{"start":{"line":30,"column":108},"end":{"line":30,"column":153}}],"line":30}},"s":{"0":1,"1":1,"2":1,"3":1,"4":1,"5":1,"6":1},"f":{"0":1},"b":{"0":[1,0]},"_coverageSchema":"1a1c01bbd47fc00a2c39e90264f33305004495a9","hash":"b9bd3f387cad5a272b1e48ad7371357393d3bd2d"}
,"/Users/caichao/Code/projects/gatsby-starter-lumen/src/templates/tags-list-template.js": {"path":"/Users/caichao/Code/projects/gatsby-starter-lumen/src/templates/tags-list-template.js","statementMap":{"0":{"start":{"line":10,"column":25},"end":{"line":30,"column":1}},"1":{"start":{"line":11,"column":30},"end":{"line":11,"column":47}},"2":{"start":{"line":12,"column":15},"end":{"line":12,"column":28}},"3":{"start":{"line":14,"column":2},"end":{"line":29,"column":4}},"4":{"start":{"line":20,"column":12},"end":{"line":24,"column":17}}},"fnMap":{"0":{"name":"(anonymous_0)","decl":{"start":{"line":10,"column":25},"end":{"line":10,"column":26}},"loc":{"start":{"line":10,"column":31},"end":{"line":30,"column":1}},"line":10},"1":{"name":"(anonymous_1)","decl":{"start":{"line":19,"column":20},"end":{"line":19,"column":21}},"loc":{"start":{"line":20,"column":12},"end":{"line":24,"column":17}},"line":20}},"branchMap":{},"s":{"0":1,"1":1,"2":1,"3":1,"4":2},"f":{"0":1,"1":2},"b":{},"_coverageSchema":"1a1c01bbd47fc00a2c39e90264f33305004495a9","hash":"9723d2c3966287f0eab8fd8d3b57f8cacd828902"}
,"/Users/caichao/Code/projects/gatsby-starter-lumen/src/utils/get-contact-href.js": {"path":"/Users/caichao/Code/projects/gatsby-starter-lumen/src/utils/get-contact-href.js","statementMap":{"0":{"start":{"line":2,"column":23},"end":{"line":54,"column":1}},"1":{"start":{"line":5,"column":2},"end":{"line":51,"column":3}},"2":{"start":{"line":7,"column":6},"end":{"line":7,"column":50}},"3":{"start":{"line":8,"column":6},"end":{"line":8,"column":12}},"4":{"start":{"line":10,"column":6},"end":{"line":10,"column":45}},"5":{"start":{"line":11,"column":6},"end":{"line":11,"column":12}},"6":{"start":{"line":13,"column":6},"end":{"line":13,"column":41}},"7":{"start":{"line":14,"column":6},"end":{"line":14,"column":12}},"8":{"start":{"line":16,"column":6},"end":{"line":16,"column":39}},"9":{"start":{"line":17,"column":6},"end":{"line":17,"column":12}},"10":{"start":{"line":19,"column":6},"end":{"line":19,"column":33}},"11":{"start":{"line":20,"column":6},"end":{"line":20,"column":12}},"12":{"start":{"line":22,"column":6},"end":{"line":22,"column":54}},"13":{"start":{"line":23,"column":6},"end":{"line":23,"column":12}},"14":{"start":{"line":25,"column":6},"end":{"line":25,"column":52}},"15":{"start":{"line":26,"column":6},"end":{"line":26,"column":12}},"16":{"start":{"line":28,"column":6},"end":{"line":28,"column":38}},"17":{"start":{"line":29,"column":6},"end":{"line":29,"column":12}},"18":{"start":{"line":31,"column":6},"end":{"line":31,"column":51}},"19":{"start":{"line":32,"column":6},"end":{"line":32,"column":12}},"20":{"start":{"line":34,"column":6},"end":{"line":34,"column":49}},"21":{"start":{"line":35,"column":6},"end":{"line":35,"column":12}},"22":{"start":{"line":37,"column":6},"end":{"line":37,"column":48}},"23":{"start":{"line":38,"column":6},"end":{"line":38,"column":12}},"24":{"start":{"line":40,"column":6},"end":{"line":40,"column":49}},"25":{"start":{"line":41,"column":6},"end":{"line":41,"column":12}},"26":{"start":{"line":43,"column":6},"end":{"line":43,"column":58}},"27":{"start":{"line":44,"column":6},"end":{"line":44,"column":12}},"28":{"start":{"line":46,"column":6},"end":{"line":46,"column":49}},"29":{"start":{"line":47,"column":6},"end":{"line":47,"column":12}},"30":{"start":{"line":49,"column":6},"end":{"line":49,"column":21}},"31":{"start":{"line":50,"column":6},"end":{"line":50,"column":12}},"32":{"start":{"line":53,"column":2},"end":{"line":53,"column":14}}},"fnMap":{"0":{"name":"(anonymous_0)","decl":{"start":{"line":2,"column":23},"end":{"line":2,"column":24}},"loc":{"start":{"line":2,"column":58},"end":{"line":54,"column":1}},"line":2}},"branchMap":{"0":{"loc":{"start":{"line":5,"column":2},"end":{"line":51,"column":3}},"type":"switch","locations":[{"start":{"line":6,"column":4},"end":{"line":8,"column":12}},{"start":{"line":9,"column":4},"end":{"line":11,"column":12}},{"start":{"line":12,"column":4},"end":{"line":14,"column":12}},{"start":{"line":15,"column":4},"end":{"line":17,"column":12}},{"start":{"line":18,"column":4},"end":{"line":20,"column":12}},{"start":{"line":21,"column":4},"end":{"line":23,"column":12}},{"start":{"line":24,"column":4},"end":{"line":26,"column":12}},{"start":{"line":27,"column":4},"end":{"line":29,"column":12}},{"start":{"line":30,"column":4},"end":{"line":32,"column":12}},{"start":{"line":33,"column":4},"end":{"line":35,"column":12}},{"start":{"line":36,"column":4},"end":{"line":38,"column":12}},{"start":{"line":39,"column":4},"end":{"line":41,"column":12}},{"start":{"line":42,"column":4},"end":{"line":44,"column":12}},{"start":{"line":45,"column":4},"end":{"line":47,"column":12}},{"start":{"line":48,"column":4},"end":{"line":50,"column":12}}],"line":5}},"s":{"0":13,"1":72,"2":13,"3":13,"4":10,"5":10,"6":10,"7":10,"8":10,"9":10,"10":10,"11":10,"12":1,"13":1,"14":1,"15":1,"16":1,"17":1,"18":1,"19":1,"20":1,"21":1,"22":1,"23":1,"24":1,"25":1,"26":1,"27":1,"28":1,"29":1,"30":10,"31":10,"32":72},"f":{"0":72},"b":{"0":[13,10,10,10,10,1,1,1,1,1,1,1,1,1,10]},"_coverageSchema":"1a1c01bbd47fc00a2c39e90264f33305004495a9","hash":"5544b7bd9209b847e623cbd6790f3c54520e16d7"}
,"/Users/caichao/Code/projects/gatsby-starter-lumen/src/utils/get-icon.js": {"path":"/Users/caichao/Code/projects/gatsby-starter-lumen/src/utils/get-icon.js","statementMap":{"0":{"start":{"line":4,"column":16},"end":{"line":59,"column":1}},"1":{"start":{"line":7,"column":2},"end":{"line":56,"column":3}},"2":{"start":{"line":9,"column":6},"end":{"line":9,"column":27}},"3":{"start":{"line":10,"column":6},"end":{"line":10,"column":12}},"4":{"start":{"line":12,"column":6},"end":{"line":12,"column":26}},"5":{"start":{"line":13,"column":6},"end":{"line":13,"column":12}},"6":{"start":{"line":15,"column":6},"end":{"line":15,"column":29}},"7":{"start":{"line":16,"column":6},"end":{"line":16,"column":12}},"8":{"start":{"line":18,"column":6},"end":{"line":18,"column":28}},"9":{"start":{"line":19,"column":6},"end":{"line":19,"column":12}},"10":{"start":{"line":21,"column":6},"end":{"line":21,"column":25}},"11":{"start":{"line":22,"column":6},"end":{"line":22,"column":12}},"12":{"start":{"line":24,"column":6},"end":{"line":24,"column":23}},"13":{"start":{"line":25,"column":6},"end":{"line":25,"column":12}},"14":{"start":{"line":27,"column":6},"end":{"line":27,"column":28}},"15":{"start":{"line":28,"column":6},"end":{"line":28,"column":12}},"16":{"start":{"line":30,"column":6},"end":{"line":30,"column":29}},"17":{"start":{"line":31,"column":6},"end":{"line":31,"column":12}},"18":{"start":{"line":33,"column":6},"end":{"line":33,"column":24}},"19":{"start":{"line":34,"column":6},"end":{"line":34,"column":12}},"20":{"start":{"line":36,"column":6},"end":{"line":36,"column":28}},"21":{"start":{"line":37,"column":6},"end":{"line":37,"column":12}},"22":{"start":{"line":39,"column":6},"end":{"line":39,"column":26}},"23":{"start":{"line":40,"column":6},"end":{"line":40,"column":12}},"24":{"start":{"line":42,"column":6},"end":{"line":42,"column":25}},"25":{"start":{"line":43,"column":6},"end":{"line":43,"column":12}},"26":{"start":{"line":45,"column":6},"end":{"line":45,"column":27}},"27":{"start":{"line":46,"column":6},"end":{"line":46,"column":12}},"28":{"start":{"line":48,"column":6},"end":{"line":48,"column":27}},"29":{"start":{"line":49,"column":6},"end":{"line":49,"column":12}},"30":{"start":{"line":51,"column":6},"end":{"line":51,"column":30}},"31":{"start":{"line":52,"column":6},"end":{"line":52,"column":12}},"32":{"start":{"line":54,"column":6},"end":{"line":54,"column":16}},"33":{"start":{"line":55,"column":6},"end":{"line":55,"column":12}},"34":{"start":{"line":58,"column":2},"end":{"line":58,"column":14}}},"fnMap":{"0":{"name":"(anonymous_0)","decl":{"start":{"line":4,"column":16},"end":{"line":4,"column":17}},"loc":{"start":{"line":4,"column":34},"end":{"line":59,"column":1}},"line":4}},"branchMap":{"0":{"loc":{"start":{"line":7,"column":2},"end":{"line":56,"column":3}},"type":"switch","locations":[{"start":{"line":8,"column":4},"end":{"line":10,"column":12}},{"start":{"line":11,"column":4},"end":{"line":13,"column":12}},{"start":{"line":14,"column":4},"end":{"line":16,"column":12}},{"start":{"line":17,"column":4},"end":{"line":19,"column":12}},{"start":{"line":20,"column":4},"end":{"line":22,"column":12}},{"start":{"line":23,"column":4},"end":{"line":25,"column":12}},{"start":{"line":26,"column":4},"end":{"line":28,"column":12}},{"start":{"line":29,"column":4},"end":{"line":31,"column":12}},{"start":{"line":32,"column":4},"end":{"line":34,"column":12}},{"start":{"line":35,"column":4},"end":{"line":37,"column":12}},{"start":{"line":38,"column":4},"end":{"line":40,"column":12}},{"start":{"line":41,"column":4},"end":{"line":43,"column":12}},{"start":{"line":44,"column":4},"end":{"line":46,"column":12}},{"start":{"line":47,"column":4},"end":{"line":49,"column":12}},{"start":{"line":50,"column":4},"end":{"line":52,"column":12}},{"start":{"line":53,"column":4},"end":{"line":55,"column":12}}],"line":7}},"s":{"0":13,"1":69,"2":10,"3":10,"4":10,"5":10,"6":10,"7":10,"8":10,"9":10,"10":10,"11":10,"12":10,"13":10,"14":1,"15":1,"16":1,"17":1,"18":1,"19":1,"20":1,"21":1,"22":1,"23":1,"24":1,"25":1,"26":1,"27":1,"28":1,"29":1,"30":1,"31":1,"32":0,"33":0,"34":69},"f":{"0":69},"b":{"0":[10,10,10,10,10,10,1,1,1,1,1,1,1,1,1,0]},"_coverageSchema":"1a1c01bbd47fc00a2c39e90264f33305004495a9","hash":"4feabde38c2d5b5ba81aa73caef72eb7389f2990"}
,"/Users/caichao/Code/projects/gatsby-starter-lumen/src/utils/index.js": {"path":"/Users/caichao/Code/projects/gatsby-starter-lumen/src/utils/index.js","statementMap":{},"fnMap":{},"branchMap":{},"s":{},"f":{},"b":{},"_coverageSchema":"1a1c01bbd47fc00a2c39e90264f33305004495a9","hash":"48febcdbd97c82af1e76c4406bf69b8f12b4e216"}
}
